<?xml version="1.0" encoding="UTF-8"?>
<testsuite xmlns:xsi="http://www.w3.org/2001/XMLSchema-instance" xsi:noNamespaceSchemaLocation="https://maven.apache.org/surefire/maven-surefire-plugin/xsd/surefire-test-report.xsd" name="app.domain.model.EmployeeTest" time="0.005" tests="11" errors="0" skipped="0" failures="0">
  <properties>
    <property name="gopherProxySet" value="false"/>
    <property name="awt.toolkit" value="sun.lwawt.macosx.LWCToolkit"/>
    <property name="java.specification.version" value="11"/>
    <property name="sun.cpu.isalist" value=""/>
    <property name="sun.jnu.encoding" value="UTF-8"/>
    <property name="java.class.path" value="/Users/diogonapoles/lei-22-s2-1dc-g13/target/test-classes:/Users/diogonapoles/lei-22-s2-1dc-g13/target/classes:/Users/diogonapoles/.m2/repository/pt/isep/lei/esoft/AuthLib/1.0-SNAPSHOT/AuthLib-1.0-SNAPSHOT.jar:/Users/diogonapoles/.m2/repository/at/favre/lib/bcrypt/0.9.0/bcrypt-0.9.0.jar:/Users/diogonapoles/.m2/repository/at/favre/lib/bytes/1.3.0/bytes-1.3.0.jar:/Users/diogonapoles/.m2/repository/org/apache/commons/commons-lang3/3.5/commons-lang3-3.5.jar:/Users/diogonapoles/.m2/repository/org/junit/jupiter/junit-jupiter/5.9.0-M1/junit-jupiter-5.9.0-M1.jar:/Users/diogonapoles/.m2/repository/org/junit/jupiter/junit-jupiter-api/5.9.0-M1/junit-jupiter-api-5.9.0-M1.jar:/Users/diogonapoles/.m2/repository/org/opentest4j/opentest4j/1.2.0/opentest4j-1.2.0.jar:/Users/diogonapoles/.m2/repository/org/junit/platform/junit-platform-commons/1.9.0-M1/junit-platform-commons-1.9.0-M1.jar:/Users/diogonapoles/.m2/repository/org/apiguardian/apiguardian-api/1.1.2/apiguardian-api-1.1.2.jar:/Users/diogonapoles/.m2/repository/org/junit/jupiter/junit-jupiter-params/5.9.0-M1/junit-jupiter-params-5.9.0-M1.jar:/Users/diogonapoles/.m2/repository/org/junit/jupiter/junit-jupiter-engine/5.9.0-M1/junit-jupiter-engine-5.9.0-M1.jar:/Users/diogonapoles/.m2/repository/org/junit/platform/junit-platform-engine/1.9.0-M1/junit-platform-engine-1.9.0-M1.jar:/Users/diogonapoles/.m2/repository/junit/junit/4.13.2/junit-4.13.2.jar:/Users/diogonapoles/.m2/repository/org/hamcrest/hamcrest-core/1.3/hamcrest-core-1.3.jar:"/>
    <property name="java.vm.vendor" value="BellSoft"/>
    <property name="sun.arch.data.model" value="64"/>
    <property name="java.vendor.url" value="https://bell-sw.com/"/>
    <property name="user.timezone" value=""/>
    <property name="java.vm.specification.version" value="11"/>
    <property name="os.name" value="Mac OS X"/>
    <property name="sun.java.launcher" value="SUN_STANDARD"/>
    <property name="user.country" value="PT"/>
    <property name="sun.boot.library.path" value="/Users/diogonapoles/Library/Java/JavaVirtualMachines/liberica-11.0.15/lib"/>
    <property name="sun.java.command" value="/Users/diogonapoles/lei-22-s2-1dc-g13/target/surefire/surefirebooter8269463573006719759.jar /Users/diogonapoles/lei-22-s2-1dc-g13/target/surefire 2022-05-27T10-34-35_208-jvmRun1 surefire8071029379821605404tmp surefire_01581636587755465720tmp"/>
    <property name="http.nonProxyHosts" value="local|*.local|169.254/16|*.169.254/16"/>
    <property name="jdk.debug" value="release"/>
    <property name="surefire.test.class.path" value="/Users/diogonapoles/lei-22-s2-1dc-g13/target/test-classes:/Users/diogonapoles/lei-22-s2-1dc-g13/target/classes:/Users/diogonapoles/.m2/repository/pt/isep/lei/esoft/AuthLib/1.0-SNAPSHOT/AuthLib-1.0-SNAPSHOT.jar:/Users/diogonapoles/.m2/repository/at/favre/lib/bcrypt/0.9.0/bcrypt-0.9.0.jar:/Users/diogonapoles/.m2/repository/at/favre/lib/bytes/1.3.0/bytes-1.3.0.jar:/Users/diogonapoles/.m2/repository/org/apache/commons/commons-lang3/3.5/commons-lang3-3.5.jar:/Users/diogonapoles/.m2/repository/org/junit/jupiter/junit-jupiter/5.9.0-M1/junit-jupiter-5.9.0-M1.jar:/Users/diogonapoles/.m2/repository/org/junit/jupiter/junit-jupiter-api/5.9.0-M1/junit-jupiter-api-5.9.0-M1.jar:/Users/diogonapoles/.m2/repository/org/opentest4j/opentest4j/1.2.0/opentest4j-1.2.0.jar:/Users/diogonapoles/.m2/repository/org/junit/platform/junit-platform-commons/1.9.0-M1/junit-platform-commons-1.9.0-M1.jar:/Users/diogonapoles/.m2/repository/org/apiguardian/apiguardian-api/1.1.2/apiguardian-api-1.1.2.jar:/Users/diogonapoles/.m2/repository/org/junit/jupiter/junit-jupiter-params/5.9.0-M1/junit-jupiter-params-5.9.0-M1.jar:/Users/diogonapoles/.m2/repository/org/junit/jupiter/junit-jupiter-engine/5.9.0-M1/junit-jupiter-engine-5.9.0-M1.jar:/Users/diogonapoles/.m2/repository/org/junit/platform/junit-platform-engine/1.9.0-M1/junit-platform-engine-1.9.0-M1.jar:/Users/diogonapoles/.m2/repository/junit/junit/4.13.2/junit-4.13.2.jar:/Users/diogonapoles/.m2/repository/org/hamcrest/hamcrest-core/1.3/hamcrest-core-1.3.jar:"/>
    <property name="sun.cpu.endian" value="little"/>
    <property name="user.home" value="/Users/diogonapoles"/>
    <property name="user.language" value="en"/>
    <property name="java.specification.vendor" value="Oracle Corporation"/>
    <property name="java.version.date" value="2022-04-19"/>
    <property name="java.home" value="/Users/diogonapoles/Library/Java/JavaVirtualMachines/liberica-11.0.15"/>
    <property name="file.separator" value="/"/>
    <property name="basedir" value="/Users/diogonapoles/lei-22-s2-1dc-g13"/>
    <property name="java.vm.compressedOopsMode" value="Zero based"/>
    <property name="line.separator" value="&#10;"/>
    <property name="java.specification.name" value="Java Platform API Specification"/>
    <property name="java.vm.specification.vendor" value="Oracle Corporation"/>
    <property name="java.awt.graphicsenv" value="sun.awt.CGraphicsEnvironment"/>
    <property name="surefire.real.class.path" value="/Users/diogonapoles/lei-22-s2-1dc-g13/target/surefire/surefirebooter8269463573006719759.jar"/>
    <property name="sun.management.compiler" value="HotSpot 64-Bit Tiered Compilers"/>
    <property name="ftp.nonProxyHosts" value="local|*.local|169.254/16|*.169.254/16"/>
    <property name="java.runtime.version" value="11.0.15+10-LTS"/>
    <property name="user.name" value="diogonapoles"/>
    <property name="path.separator" value=":"/>
    <property name="os.version" value="12.3.1"/>
    <property name="java.runtime.name" value="OpenJDK Runtime Environment"/>
    <property name="file.encoding" value="UTF-8"/>
    <property name="java.vm.name" value="OpenJDK 64-Bit Server VM"/>
    <property name="localRepository" value="/Users/diogonapoles/.m2/repository"/>
    <property name="java.vendor.url.bug" value="https://bell-sw.com/support"/>
    <property name="java.io.tmpdir" value="/var/folders/_k/pkgndrld4k987376sz1rzcjh0000gn/T/"/>
    <property name="java.version" value="11.0.15"/>
    <property name="user.dir" value="/Users/diogonapoles/lei-22-s2-1dc-g13"/>
    <property name="os.arch" value="aarch64"/>
    <property name="java.vm.specification.name" value="Java Virtual Machine Specification"/>
    <property name="java.awt.printerjob" value="sun.lwawt.macosx.CPrinterJob"/>
    <property name="sun.os.patch.level" value="unknown"/>
    <property name="java.library.path" value="/Users/diogonapoles/Library/Java/Extensions:/Library/Java/Extensions:/Network/Library/Java/Extensions:/System/Library/Java/Extensions:/usr/lib/java:."/>
    <property name="java.vm.info" value="mixed mode"/>
    <property name="java.vendor" value="BellSoft"/>
    <property name="java.vm.version" value="11.0.15+10-LTS"/>
    <property name="sun.io.unicode.encoding" value="UnicodeBig"/>
    <property name="java.class.version" value="55.0"/>
    <property name="socksNonProxyHosts" value="local|*.local|169.254/16|*.169.254/16"/>
  </properties>
  <testcase name="setCitizenCardNumber" classname="app.domain.model.EmployeeTest" time="0"/>
  <testcase name="getPhoneNumber" classname="app.domain.model.EmployeeTest" time="0"/>
  <testcase name="getCitizenCardNumber" classname="app.domain.model.EmployeeTest" time="0.001"/>
  <testcase name="testToString" classname="app.domain.model.EmployeeTest" time="0"/>
  <testcase name="getAddress" classname="app.domain.model.EmployeeTest" time="0"/>
  <testcase name="getName" classname="app.domain.model.EmployeeTest" time="0"/>
  <testcase name="getEmailAddress" classname="app.domain.model.EmployeeTest" time="0.001"/>
  <testcase name="setPhoneNumber" classname="app.domain.model.EmployeeTest" time="0"/>
  <testcase name="setEmailAddress" classname="app.domain.model.EmployeeTest" time="0"/>
  <testcase name="setAddress" classname="app.domain.model.EmployeeTest" time="0"/>
  <testcase name="setName" classname="app.domain.model.EmployeeTest" time="0"/>
</testsuite>